=== puma startup: 2026-04-13 18:51:30 +0900 ===
=== puma startup: 2026-04-13 18:52:27 +0900 ===
::1 - - [13/Apr/2026:18:52:36 +0900] "GET / HTTP/1.1" 200 880 0.0203
::1 - - [13/Apr/2026:18:52:36 +0900] "GET /style.css HTTP/1.1" 200 1362 0.0015
::1 - - [13/Apr/2026:18:52:41 +0900] "POST /posts HTTP/1.1" 303 - 0.0220
::1 - - [13/Apr/2026:18:52:41 +0900] "GET / HTTP/1.1" 200 1514 0.0137
::1 - - [13/Apr/2026:18:52:48 +0900] "POST /posts HTTP/1.1" 303 - 0.0056
::1 - - [13/Apr/2026:18:52:48 +0900] "GET / HTTP/1.1" 200 1868 0.0080
::1 - - [13/Apr/2026:18:52:48 +0900] "GET /style.css HTTP/1.1" 304 - 0.0007
::1 - - [13/Apr/2026:18:52:59 +0900] "POST /posts HTTP/1.1" 303 - 0.0047
::1 - - [13/Apr/2026:18:52:59 +0900] "GET / HTTP/1.1" 200 2145 0.0076
=== puma startup: 2026-04-13 18:53:50 +0900 ===
::1 - - [13/Apr/2026:18:53:52 +0900] "GET / HTTP/1.1" 200 2145 0.0432
::1 - - [13/Apr/2026:18:53:52 +0900] "GET /style.css HTTP/1.1" 304 - 0.0005
::1 - - [13/Apr/2026:18:54:01 +0900] "POST /posts HTTP/1.1" 303 - 0.0156
::1 - - [13/Apr/2026:18:54:01 +0900] "GET / HTTP/1.1" 200 2422 0.0049
=== puma startup: 2026-04-13 19:07:28 +0900 ===
::1 - - [13/Apr/2026:19:07:30 +0900] "GET / HTTP/1.1" 200 2422 0.0373
::1 - - [13/Apr/2026:19:07:30 +0900] "GET /style.css HTTP/1.1" 304 - 0.0007
::1 - - [13/Apr/2026:19:07:37 +0900] "POST /posts HTTP/1.1" 303 - 0.0173
::1 - - [13/Apr/2026:19:07:37 +0900] "GET / HTTP/1.1" 200 3071 0.0060
